0 info it worked if it ends with ok
1 verbose cli [ 'F:\\node\\node.exe',
1 verbose cli   'F:\\node\\node_modules\\npm\\bin\\npm-cli.js',
1 verbose cli   'start' ]
2 info using npm@3.10.10
3 info using node@v6.9.4
4 verbose run-script [ 'prestart', 'start', 'poststart' ]
5 info lifecycle union@0.0.0~prestart: union@0.0.0
6 silly lifecycle union@0.0.0~prestart: no script for prestart, continuing
7 info lifecycle union@0.0.0~start: union@0.0.0
8 verbose lifecycle union@0.0.0~start: unsafe-perm in lifecycle true
9 verbose lifecycle union@0.0.0~start: PATH: F:\node\node_modules\npm\bin\node-gyp-bin;F:\interview\node_modules\.bin;C:\Users\nc008\bin;E:\Git\mingw64\bin;E:\Git\usr\local\bin;E:\Git\usr\bin;E:\Git\usr\bin;E:\Git\mingw64\bin;E:\Git\usr\bin;C:\Users\nc008\bin;C:\Program Files (x86)\Intel\iCLS Client;C:\Program Files\Intel\iCLS Client;C:\Windows\system32;C:\Windows;C:\Windows\System32\Wbem;C:\Windows\System32\WindowsPowerShell\v1.0;C:\Program Files (x86)\Intel\Intel(R) Management Engine Components\DAL;C:\Program Files\Intel\Intel(R) Management Engine Components\DAL;C:\Program Files (x86)\Intel\Intel(R) Management Engine Components\IPT;C:\Program Files\Intel\Intel(R) Management Engine Components\IPT;C:\Program Files (x86)\ATI Technologies\ATI.ACE\Core-Static;E:\svn\bin;F:\node;E:\Git\cmd;E:\Ruby23-x64\bin;C:\Users\nc008\AppData\Roaming\npm;E:\Git\usr\bin\vendor_perl;E:\Git\usr\bin\core_perl
10 verbose lifecycle union@0.0.0~start: CWD: F:\interview
11 silly lifecycle union@0.0.0~start: Args: [ '/d /s /c', 'node ./bin/www' ]
12 silly lifecycle union@0.0.0~start: Returned: code: 1  signal: null
13 info lifecycle union@0.0.0~start: Failed to exec start script
14 verbose stack Error: union@0.0.0 start: `node ./bin/www`
14 verbose stack Exit status 1
14 verbose stack     at EventEmitter.<anonymous> (F:\node\node_modules\npm\lib\utils\lifecycle.js:255:16)
14 verbose stack     at emitTwo (events.js:106:13)
14 verbose stack     at EventEmitter.emit (events.js:191:7)
14 verbose stack     at ChildProcess.<anonymous> (F:\node\node_modules\npm\lib\utils\spawn.js:40:14)
14 verbose stack     at emitTwo (events.js:106:13)
14 verbose stack     at ChildProcess.emit (events.js:191:7)
14 verbose stack     at maybeClose (internal/child_process.js:877:16)
14 verbose stack     at Process.ChildProcess._handle.onexit (internal/child_process.js:226:5)
15 verbose pkgid union@0.0.0
16 verbose cwd F:\interview
17 error Windows_NT 6.1.7601
18 error argv "F:\\node\\node.exe" "F:\\node\\node_modules\\npm\\bin\\npm-cli.js" "start"
19 error node v6.9.4
20 error npm  v3.10.10
21 error code ELIFECYCLE
22 error union@0.0.0 start: `node ./bin/www`
22 error Exit status 1
23 error Failed at the union@0.0.0 start script 'node ./bin/www'.
23 error Make sure you have the latest version of node.js and npm installed.
23 error If you do, this is most likely a problem with the union package,
23 error not with npm itself.
23 error Tell the author that this fails on your system:
23 error     node ./bin/www
23 error You can get information on how to open an issue for this project with:
23 error     npm bugs union
23 error Or if that isn't available, you can get their info via:
23 error     npm owner ls union
23 error There is likely additional logging output above.
24 verbose exit [ 1, true ]
